# JRE version: OpenJDK Runtime Environment (7.0_111-b01) (build 1.7.0_111-b01)
# Java VM: OpenJDK 64-Bit Server VM (24.111-b01 mixed mode linux-amd64 compressed oops)
Heap
 PSYoungGen      total 12288K, used 9979K [0x00000000f8000000, 0x00000000f9800000, 0x0000000100000000)
  eden space 10752K, 78% used [0x00000000f8000000,0x00000000f8845c98,0x00000000f8a80000)
  from space 1536K, 98% used [0x00000000f8a80000,0x00000000f8bf90b0,0x00000000f8c00000)
  to   space 1536K, 0% used [0x00000000f9680000,0x00000000f9680000,0x00000000f9800000)
 ParOldGen       total 27648K, used 5863K [0x00000000e8000000, 0x00000000e9b00000, 0x00000000f8000000)
  object space 27648K, 21% used [0x00000000e8000000,0x00000000e85b9c80,0x00000000e9b00000)
 PSPermGen       total 21504K, used 15891K [0x00000000d8000000, 0x00000000d9500000, 0x00000000e8000000)
  object space 21504K, 73% used [0x00000000d8000000,0x00000000d8f84d10,0x00000000d9500000)
GC Heap History (6 events):
Event: 0,517 GC heap before
{Heap before GC invocations=1 (full 0):
 PSYoungGen      total 12288K, used 10752K [0x00000000f8000000, 0x00000000f8d80000, 0x0000000100000000)
  eden space 10752K, 100% used [0x00000000f8000000,0x00000000f8a80000,0x00000000f8a80000)
  from space 1536K, 0% used [0x00000000f8c00000,0x00000000f8c00000,0x00000000f8d80000)
  to   space 1536K, 0% used [0x00000000f8a80000,0x00000000f8a80000,0x00000000f8c00000)
 ParOldGen       total 27648K, used 0K [0x00000000e8000000, 0x00000000e9b00000, 0x00000000f8000000)
  object space 27648K, 0% used [0x00000000e8000000,0x00000000e8000000,0x00000000e9b00000)
 PSPermGen       total 21504K, used 7112K [0x00000000d8000000, 0x00000000d9500000, 0x00000000e8000000)
  object space 21504K, 33% used [0x00000000d8000000,0x00000000d86f21b0,0x00000000d9500000)
Event: 0,522 GC heap after
Heap after GC invocations=1 (full 0):
 PSYoungGen      total 12288K, used 1513K [0x00000000f8000000, 0x00000000f8d80000, 0x0000000100000000)
  eden space 10752K, 0% used [0x00000000f8000000,0x00000000f8000000,0x00000000f8a80000)
  from space 1536K, 98% used [0x00000000f8a80000,0x00000000f8bfa7b0,0x00000000f8c00000)
  to   space 1536K, 0% used [0x00000000f8c00000,0x00000000f8c00000,0x00000000f8d80000)
 ParOldGen       total 27648K, used 1721K [0x00000000e8000000, 0x00000000e9b00000, 0x00000000f8000000)
  object space 27648K, 6% used [0x00000000e8000000,0x00000000e81ae488,0x00000000e9b00000)
 PSPermGen       total 21504K, used 7112K [0x00000000d8000000, 0x00000000d9500000, 0x00000000e8000000)
  object space 21504K, 33% used [0x00000000d8000000,0x00000000d86f21b0,0x00000000d9500000)
}
Event: 0,738 GC heap before
{Heap before GC invocations=2 (full 0):
 PSYoungGen      total 12288K, used 12265K [0x00000000f8000000, 0x00000000f8d80000, 0x0000000100000000)
  eden space 10752K, 100% used [0x00000000f8000000,0x00000000f8a80000,0x00000000f8a80000)
  from space 1536K, 98% used [0x00000000f8a80000,0x00000000f8bfa7b0,0x00000000f8c00000)
  to   space 1536K, 0% used [0x00000000f8c00000,0x00000000f8c00000,0x00000000f8d80000)
 ParOldGen       total 27648K, used 1721K [0x00000000e8000000, 0x00000000e9b00000, 0x00000000f8000000)
  object space 27648K, 6% used [0x00000000e8000000,0x00000000e81ae488,0x00000000e9b00000)
 PSPermGen       total 21504K, used 7397K [0x00000000d8000000, 0x00000000d9500000, 0x00000000e8000000)
  object space 21504K, 34% used [0x00000000d8000000,0x00000000d8739440,0x00000000d9500000)
Event: 0,743 GC heap after
Heap after GC invocations=2 (full 0):
 PSYoungGen      total 12288K, used 1520K [0x00000000f8000000, 0x00000000f9800000, 0x0000000100000000)
  eden space 10752K, 0% used [0x00000000f8000000,0x00000000f8000000,0x00000000f8a80000)
  from space 1536K, 98% used [0x00000000f8c00000,0x00000000f8d7c010,0x00000000f8d80000)
  to   space 1536K, 0% used [0x00000000f8a80000,0x00000000f8a80000,0x00000000f8c00000)
 ParOldGen       total 27648K, used 2282K [0x00000000e8000000, 0x00000000e9b00000, 0x00000000f8000000)
  object space 27648K, 8% used [0x00000000e8000000,0x00000000e823ab18,0x00000000e9b00000)
 PSPermGen       total 21504K, used 7397K [0x00000000d8000000, 0x00000000d9500000, 0x00000000e8000000)
  object space 21504K, 34% used [0x00000000d8000000,0x00000000d8739440,0x00000000d9500000)
}
Event: 1,340 GC heap before
{Heap before GC invocations=3 (full 0):
 PSYoungGen      total 12288K, used 12272K [0x00000000f8000000, 0x00000000f9800000, 0x0000000100000000)
  eden space 10752K, 100% used [0x00000000f8000000,0x00000000f8a80000,0x00000000f8a80000)
  from space 1536K, 98% used [0x00000000f8c00000,0x00000000f8d7c010,0x00000000f8d80000)
  to   space 1536K, 0% used [0x00000000f8a80000,0x00000000f8a80000,0x00000000f8c00000)
 ParOldGen       total 27648K, used 2282K [0x00000000e8000000, 0x00000000e9b00000, 0x00000000f8000000)
  object space 27648K, 8% used [0x00000000e8000000,0x00000000e823ab18,0x00000000e9b00000)
 PSPermGen       total 21504K, used 12028K [0x00000000d8000000, 0x00000000d9500000, 0x00000000e8000000)
  object space 21504K, 55% used [0x00000000d8000000,0x00000000d8bbf350,0x00000000d9500000)
Event: 1,348 GC heap after
Heap after GC invocations=3 (full 0):
 PSYoungGen      total 12288K, used 1508K [0x00000000f8000000, 0x00000000f9800000, 0x0000000100000000)
  eden space 10752K, 0% used [0x00000000f8000000,0x00000000f8000000,0x00000000f8a80000)
  from space 1536K, 98% used [0x00000000f8a80000,0x00000000f8bf90b0,0x00000000f8c00000)
  to   space 1536K, 0% used [0x00000000f9680000,0x00000000f9680000,0x00000000f9800000)
 ParOldGen       total 27648K, used 5863K [0x00000000e8000000, 0x00000000e9b00000, 0x00000000f8000000)
  object space 27648K, 21% used [0x00000000e8000000,0x00000000e85b9c80,0x00000000e9b00000)
 PSPermGen       total 21504K, used 12028K [0x00000000d8000000, 0x00000000d9500000, 0x00000000e8000000)
  object space 21504K, 55% used [0x00000000d8000000,0x00000000d8bbf350,0x00000000d9500000)
}

